<?xml version="1.0" encoding="UTF-8"?>
<!-- Generated by org.testng.reporters.JUnitReportReporter -->
<testsuite skipped="1" hostname="MANNAT" name="com.Test.Assignment1.Test_SelectableItem_ClickItem_GetItemName" tests="1" failures="0" timestamp="10 May 2020 17:40:50 GMT" time="0.000" errors="0">
  <testcase name="click_SelectableLink" time="0.000" classname="com.Test.Assignment1.Test_SelectableItem_ClickItem_GetItemName">
    <skipped/>
  </testcase> <!-- click_SelectableLink -->
</testsuite> <!-- com.Test.Assignment1.Test_SelectableItem_ClickItem_GetItemName -->
