<?xml version="1.0" encoding="UTF-8"?>
<!-- Generated by org.testng.reporters.JUnitReportReporter -->
<testsuite skipped="0" hostname="MANNAT" name="com.Test.Assignment1.Test_SelectableItem_Click_GetName" tests="2" failures="0" timestamp="07 May 2020 18:02:21 GMT" time="6.350" errors="0">
  <testcase name="click_SelectableLink" time="3.018" classname="com.Test.Assignment1.Test_SelectableItem_Click_GetName"/>
  <testcase name="click_Item" time="3.332" classname="com.Test.Assignment1.Test_SelectableItem_Click_GetName"/>
</testsuite> <!-- com.Test.Assignment1.Test_SelectableItem_Click_GetName -->
