<?xml version="1.0" encoding="UTF-8"?>
<!-- Generated by org.testng.reporters.JUnitReportReporter -->
<testsuite skipped="1" hostname="MANNAT" name="com.Test.Assignment1.Test_FillContactForm" tests="1" failures="0" timestamp="10 May 2020 17:40:49 GMT" time="0.000" errors="0">
  <testcase name="click_GoogleLink" time="0.000" classname="com.Test.Assignment1.Test_FillContactForm">
    <skipped/>
  </testcase> <!-- click_GoogleLink -->
</testsuite> <!-- com.Test.Assignment1.Test_FillContactForm -->
