<?xml version="1.0" encoding="UTF-8"?>
<!-- Generated by org.testng.reporters.JUnitReportReporter -->
<testsuite skipped="0" hostname="MANNAT" name="com.Assignment1.DropDown2" tests="1" failures="0" timestamp="10 May 2020 09:01:42 GMT" time="52.130" errors="0">
  <testcase name="test" time="52.130" classname="com.Assignment1.DropDown2"/>
</testsuite> <!-- com.Assignment1.DropDown2 -->
