<?xml version="1.0" encoding="UTF-8"?>
<!-- Generated by org.testng.reporters.JUnitReportReporter -->
<testsuite skipped="0" hostname="MANNAT" name="com.Test.Assignment1.Test_DragAndDropTarget" tests="2" failures="0" timestamp="10 May 2020 18:30:26 GMT" time="2.175" errors="0">
  <testcase name="verifyText" time="1.640" classname="com.Test.Assignment1.Test_DragAndDropTarget"/>
  <testcase name="dragAndDropAction" time="0.535" classname="com.Test.Assignment1.Test_DragAndDropTarget"/>
</testsuite> <!-- com.Test.Assignment1.Test_DragAndDropTarget -->
