<?xml version="1.0" encoding="UTF-8"?>
<!-- Generated by org.testng.reporters.JUnitReportReporter -->
<testsuite skipped="0" hostname="MANNAT" name="com.Test.Assignment2.Test_OlayRegistrationUKEnglish" tests="7" failures="0" timestamp="10 May 2020 16:54:10 GMT" time="187.371" errors="0">
  <testcase name="vrifyOlayRegistrationUK_English_URL" time="0.053" classname="com.Test.Assignment2.Test_OlayRegistrationUKEnglish"/>
  <testcase name="registrationOlayUK_English" time="23.120" classname="com.Test.Assignment2.Test_OlayRegistrationUKEnglish"/>
  <testcase name="signInOlayUK_English" time="26.729" classname="com.Test.Assignment2.Test_OlayRegistrationUKEnglish"/>
  <testcase name="signInOlayUK_English" time="36.117" classname="com.Test.Assignment2.Test_OlayRegistrationUKEnglish"/>
  <testcase name="signInOlayUK_English" time="51.859" classname="com.Test.Assignment2.Test_OlayRegistrationUKEnglish"/>
  <testcase name="signInOlayUK_English" time="30.523" classname="com.Test.Assignment2.Test_OlayRegistrationUKEnglish"/>
  <testcase name="validateErrorMsgLoginPage" time="18.970" classname="com.Test.Assignment2.Test_OlayRegistrationUKEnglish"/>
</testsuite> <!-- com.Test.Assignment2.Test_OlayRegistrationUKEnglish -->
