<?xml version="1.0" encoding="UTF-8"?>
<!-- Generated by org.testng.reporters.JUnitReportReporter -->
<testsuite skipped="0" hostname="MANNAT" name="com.Test.Assignment3.Test_MakeMyTripTicketBooking" tests="9" failures="0" timestamp="10 May 2020 18:29:14 GMT" time="57.685" errors="0">
  <testcase name="verifyLoginPage" time="6.458" classname="com.Test.Assignment3.Test_MakeMyTripTicketBooking"/>
  <testcase name="clickTripTypes" time="2.877" classname="com.Test.Assignment3.Test_MakeMyTripTicketBooking"/>
  <testcase name="enterFromAndToCity" time="16.284" classname="com.Test.Assignment3.Test_MakeMyTripTicketBooking"/>
  <testcase name="SelectDepartureDate" time="3.095" classname="com.Test.Assignment3.Test_MakeMyTripTicketBooking"/>
  <testcase name="selectReturnDate" time="5.396" classname="com.Test.Assignment3.Test_MakeMyTripTicketBooking"/>
  <testcase name="clickSearchLinkAndSortDepartureByPrice" time="14.968" classname="com.Test.Assignment3.Test_MakeMyTripTicketBooking"/>
  <testcase name="SortReturnByPriceAndClickBookNowBTN" time="1.854" classname="com.Test.Assignment3.Test_MakeMyTripTicketBooking"/>
  <testcase name="clickContinueBTNforReview" time="1.336" classname="com.Test.Assignment3.Test_MakeMyTripTicketBooking"/>
  <testcase name="VerifyReviewPage" time="5.417" classname="com.Test.Assignment3.Test_MakeMyTripTicketBooking"/>
</testsuite> <!-- com.Test.Assignment3.Test_MakeMyTripTicketBooking -->
